Arguments: 
  /home/zivhsiao/.nvm/versions/node/v8.2.0/bin/node /usr/share/yarn/bin/yarn.js install

PATH: 
  /home/zivhsiao/.nvm/versions/node/v8.2.0/bin:/usr/local/sbin:/usr/local/bin:/usr/sbin:/usr/bin:/sbin:/bin:/usr/games:/usr/local/games

Yarn version: 
  0.27.5

Node version: 
  8.2.0

Platform: 
  linux x64

npm manifest: 
  {
    "name": "koa2-Blog",
    "version": "0.9.0",
    "description": "Use Koa2 to build a blog.",
    "engines": {
      "node": "6.5.0",
      "npm": "3.10.3"
    },
    "main": "run.js",
    "scripts": {
      "start": "node run.js"
    },
    "keywords": [
      "Koa2",
      "blog",
      "async/await"
    ],
    "author": "hezf",
    "license": "MIT",
    "dependencies": {
      "babel-plugin-transform-es2015-modules-commonjs": "^6.14.0",
      "babel-preset-es2017": "^6.14.0",
      "babel-register": "^6.14.0",
      "cheerio": "^0.20.0",
      "cloudinary": "^1.4.1",
      "ejs": "^2.5.1",
      "fs-promise": "^0.5.0",
      "ioredis": "^2.3.0",
      "koa": "^2.3.0",
      "koa-better-body": "^2.0.1",
      "koa-compress": "^2.0.0",
      "koa-convert": "^1.2.0",
      "koa-cors": "^0.0.16",
      "koa-favicon": "^2.0.0",
      "koa-json": "^1.1.1",
      "koa-logger": "^1.3.0",
      "koa-mount": "^3.0.0",
      "koa-onerror": "^2.0.0",
      "koa-router": "^7.0.1",
      "koa-session2": "^1.0.8",
      "koa-sslify": "^2.1.2",
      "koa-static": "^2.0.0",
      "koa-views": "^5.0.2",
      "mditor": "^0.1.4",
      "moment": "^2.18.1",
      "mysql": "2.11.1",
      "node-schedule": "^1.1.1",
      "nodemon": "^1.11.0",
      "pm2": "^2.5.0",
      "sequelize": "^3.24.1",
      "superagent": "^2.2.0",
      "superagent-promise": "^1.1.0"
    },
    "devDependencies": {
      "babel-cli": "^6.24.1",
      "babel-preset-es2015": "^6.24.1",
      "babel-preset-stage-2": "^6.24.1"
    }
  }

yarn manifest: 
  No manifest

Lockfile: 
  No lockfile

Trace: 
  Error: EACCES: permission denied, mkdir '/www/koa2-blog/node_modules/detect-indent/node_modules'
